1684868324.248126  INFO: [nacabe.ParamFetcher] Request public parameters: /ndn/org/md2k/mguard/aa/PUBPARAMS
1684868324.248500 DEBUG: [mguard.subscriber] Subscriber initialized, fetching decryption key
1684868324.248518  INFO: [nacabe.Consumer] /ndn/org/md2k/local Fetch private key
1684868324.248650  INFO: [mguard.subscriber] Starting Face
1684868324.258715  INFO: [nacabe.ParamFetcher] [onAttributePubParams()] Get public parameters for name /ndn/org/md2k/mguard/aa/PUBPARAMS/KP-ABE/v=1684868322166
1684868324.258778 DEBUG: [ndn.security.Validator] > Start validating data /ndn/org/md2k/mguard/aa/PUBPARAMS/KP-ABE/v=1684868322166
1684868324.258916 DEBUG: [ndn.security.Validator] > Retrieving /ndn/org/md2k/mguard/aa/KEY/%A7v%A3%97%07%19%80%16/%2Fndn%2Forg%2Fmd2k/v=1684867288997
1684868324.259868 DEBUG: [ndn.security.CertificateFetcher] > Fetched certificate from network /ndn/org/md2k/mguard/aa/KEY/%A7v%A3%97%07%19%80%16/%2Fndn%2Forg%2Fmd2k/v=1684867288997
1684868324.259921 DEBUG: [ndn.security.CertificateCache] Adding /ndn/org/md2k/mguard/aa/KEY/%A7v%A3%97%07%19%80%16/%2Fndn%2Forg%2Fmd2k/v=1684867288997, will remove in 300 seconds
1684868324.259956 DEBUG: [ndn.security.Validator] > Start validating certificate /ndn/org/md2k/mguard/aa/KEY/%A7v%A3%97%07%19%80%16/%2Fndn%2Forg%2Fmd2k/v=1684867288997
1684868324.259999 DEBUG: [ndn.security.Validator] >> Retrieving /ndn/org/md2k/KEY/%07%0E%7B%02%E2Q%A1%16/self/v=1684867288834
1684868324.260523  INFO: [nacabe.ParamFetcher] Public parameters conforms to trust schema
1684868324.260692 DEBUG: [ndn.security.CertificateCache] Adding /ndn/org/md2k/mguard/aa/KEY/%A7v%A3%97%07%19%80%16/%2Fndn%2Forg%2Fmd2k/v=1684867288997, will remove in 3600 seconds
1684868324.260744 DEBUG: [ndn.security.Validator] > Start validating data /ndn/org/md2k/hello/%00%00%00%00%00%00%00%00%00%00%00%00%00%00%00%00%00%00%00%00%00%00%00%00%00%00%00%00%00%00%00%00%00%00%00%00%00%00%00%00%00%00%00%00%00%00%00%00%00%00%00%00%00%00%00%00%00%00%00%00%00%00%00%00%00%00%00%00%00%00%00%00%00%00%00%00%00%00%00%00%00%00%00%00%00%00%00%00%00%00%00%00%00%00%00%00%00%00%00%00%00%00%00%00%00%00%00%00%00%00%00%00%00%00%00%00%00%00%00%00%00%00%00%00%00%00%00%00%00%00%00%00%00%00%00%00%00%00%00%00%00%00%00%00%00%00%00%00%00%00%00%00%00%00%00%00%00%00%00%00%00%00%00%00%00%00%00%00%00%00%00%00%00%00%00%00%00%00%00%00%00%00%00%00%00%00%00%00%00%00%00%00%00%00%00%00%00%00%00%00%00%00%00%00%00%00%00%00%00%00%00%00%00%00%00%00%00%00%00%00%00%00%00%00%00%00%00%00%00%00%00%00%00%00%00%00%00%00%00%00%00%00%00%00%00%00%00%00%00%00%00%00%00%00%00%00%00%00%00%00%00%00%00%00%00%00%00%00%00%00%00%00%00%00%00%00%00%00%00%00%00%00%00%00%00%00%00%00%00%00%00%00%00%00%00%00%00%00%00%00%00%00%00%00%00%00%00%00%00%00%00%00%00%00%00%00%00%00%00%00%00%00%00%00%00%00%00%00%00%00%00%00%00%00%00%00%00%00%00%00%00%00%00%00%00%00%00%00%00%00%00%00%00%00%00%00%00%00%00%00%00%00%00%00%00%00%00%00%00%00%00%00%00%00%00%00%00%00%00%00%00%00%00%00%00%00%00%00%00%00%00%00%00%00%00%00%00%00%00%00%00%00%00%00%00%00%00%00%00%00%00%00%00%00%00%00%00%00%00%00%00%00%00%00%00%00%00%00%00%00%00%00%00%00%00%00%00%00%00%00%00%00%00%00%00%00%00%00%00%00%00%00%00%00%00%00%00%00%00%00%00%00%00%00%00%00%00%00%00%00%00%00%00%00%00%00%00%00%00%00%00%00%00%00%00%00%00%00%00%00%00%00%00%00%00%00%00%00%00%00%00%00%00%00%00%00%00%00%00%00%00%00%00%00%00%00%00%00%00%00%00%00%00%00%00%00%00%00%00%00%00%00%00%00%00%00%00%00%00%00%00%00%00%00%00%00%00%00%00%00%00%00%00%00%00%00%00%00%00%00%00%00%00%00%00%00%00%00%00%00%00%00%00%00%00%00%00%00%00%00%00%00%00%00%00%00%00%00%00%00%00%00%00%00%00%00%00%00%00%00%00%00%00%00%00%00%00%00%00%00%00%00%00%00%00%00%00%00%00%00%00%00%00%00%00%00%00%00%00%00%00%00%00%00%00%00%00%00%00%00%00%00%00%00%00%00%00%00%00%00%00%00%00%00%00%00%00%00%00%00%00%00%00%00%00%00%00%00%00%00%00%00%00%00%00%00%00%00%00%00%00%00%00%00%00%00%00%00%00%00%00%00%00%00%00%00%00%00%00%00%00%00%00%00%00%00%00%00%00%00%00%00%00%00%00%00%00%00%00%00/v=1684868324258/seg=0
1684868324.260877 DEBUG: [mguard.subscriber]  stream name: /ndn/org/md2k/mguard/dd40c/phone/battery latest seqNum0
1684868324.260903 DEBUG: [mguard.subscriber]  stream name: /ndn/org/md2k/mguard/dd40c/phone/gps_coordinates latest seqNum0
1684868324.260908 DEBUG: [mguard.subscriber]  stream name: /ndn/org/md2k/mguard/dd40c/data_analysis/gps_episodes_and_semantic_location latest seqNum0
1684868324.260912 DEBUG: [mguard.subscriber]  stream name: /ndn/org/md2k/mguard/dd40c/data_analysis/gps_episodes_and_semantic_location/MANIFEST latest seqNum0
1684868326.248755 DEBUG: [mguard.subscriber] Check to see if the key is fetched
1684868326.248874  INFO: [nacabe.Consumer] Private decryption key doesn't exist
1684868326.248887 ERROR: [mguard.subscriber] error: Failed to fetch decryption, exiting consumer.....
