1684870396.603310  INFO: [mguard.parser] processing available stream path: policies/available_streams
1684870396.603404 DEBUG: [mguard.nametree] prefix not in tree: /ndn/org/md2k/mguard/dd40c/phone/accelerometer parent: /
1684870396.603432 DEBUG: [mguard.nametree] prefix not in tree: /data_analysis/gps_episodes_and_semantic_location parent: /ndn/org/md2k/mguard/dd40c
1684870396.603459 DEBUG: [mguard.nametree] prefix not in tree: /gyroscope parent: /ndn/org/md2k/mguard/dd40c/phone
1684870396.603473 DEBUG: [mguard.nametree] prefix not in tree: /battery parent: /ndn/org/md2k/mguard/dd40c/phone
1684870396.603484 DEBUG: [mguard.nametree] prefix not in tree: /gps parent: /ndn/org/md2k/mguard/dd40c/phone
1684870396.603504 DEBUG: [mguard.nametree] prefix not in tree: /ATTRIBUTE/location/home parent: /ndn/org/md2k
1684870396.603527 DEBUG: [mguard.nametree] prefix not in tree: /work parent: /ndn/org/md2k/ATTRIBUTE/location
1684870396.603547 DEBUG: [mguard.nametree] prefix not in tree: /commuting parent: /ndn/org/md2k/ATTRIBUTE/location
1684870396.603566 DEBUG: [mguard.nametree] prefix not in tree: /casino parent: /ndn/org/md2k/ATTRIBUTE/location
1684870396.603605 DEBUG: [mguard.nametree] prefix not in tree: /oakland parent: /ndn/org/md2k/ATTRIBUTE/location
1684870396.603626 DEBUG: [mguard.nametree] prefix not in tree: /SoCal parent: /ndn/org/md2k/ATTRIBUTE/location
1684870396.603647 DEBUG: [mguard.nametree] prefix not in tree: /gym parent: /ndn/org/md2k/ATTRIBUTE/location
1684870396.603669 DEBUG: [mguard.nametree] prefix not in tree: /shopping-mall parent: /ndn/org/md2k/ATTRIBUTE/location
1684870396.603689 DEBUG: [mguard.nametree] prefix not in tree: /unknown parent: /ndn/org/md2k/ATTRIBUTE/location
1684870396.603708 DEBUG: [mguard.nametree] prefix not in tree: /smoking/yes parent: /ndn/org/md2k/ATTRIBUTE
1684870396.603727 DEBUG: [mguard.nametree] prefix not in tree: /no parent: /ndn/org/md2k/ATTRIBUTE/smoking
1684870396.603747 DEBUG: [mguard.nametree] prefix not in tree: /activity/walking parent: /ndn/org/md2k/ATTRIBUTE
1684870396.603769 DEBUG: [mguard.nametree] prefix not in tree: /running parent: /ndn/org/md2k/ATTRIBUTE/activity
1684870396.603788 DEBUG: [mguard.nametree] prefix not in tree: /eating parent: /ndn/org/md2k/ATTRIBUTE/activity
1684870396.603808 DEBUG: [mguard.nametree] prefix not in tree: /drinking parent: /ndn/org/md2k/ATTRIBUTE/activity
1684870396.603829 DEBUG: [mguard.nametree] prefix not in tree: /sleeping parent: /ndn/org/md2k/ATTRIBUTE/activity
1684870396.603849 DEBUG: [mguard.nametree] prefix not in tree: /unknown parent: /ndn/org/md2k/ATTRIBUTE/activity
1684870396.603864 DEBUG: [mguard.nametree] prefix not in tree: /ndn/org/md2k/local parent: /
1684870396.603878 DEBUG: [mguard.nametree] prefix not in tree: /remote parent: /ndn/org/md2k
1684870396.603894 DEBUG: [mguard.nametree] prefix not in tree: /A parent: /ndn/org/md2k
1684870396.603901 DEBUG: [mguard.nametree] prefix not in tree: /B parent: /ndn/org/md2k
1684870396.603915 DEBUG: [mguard.nametree] prefix not in tree: /C parent: /ndn/org/md2k
1684870396.603923 DEBUG: [mguard.nametree] prefix not in tree: /D parent: /ndn/org/md2k
1684870396.603939 DEBUG: [mguard.nametree] prefix not in tree: /E parent: /ndn/org/md2k
1684870396.603947 DEBUG: [mguard.nametree] prefix not in tree: /F parent: /ndn/org/md2k
1684870396.604049  INFO: [nacabe.AttributeAuthority] Using KP-ABE
1684870396.605659 DEBUG: [ndn.security.Pib] Caching default identity /ndn/org/md2k/local
1684870396.605764 DEBUG: [ndn.security.Identity] Caching default key /ndn/org/md2k/local/KEY/A%83%2C%DF%E5%04%A1%08
1684870396.605819 DEBUG: [ndn.security.Key] Caching default certificate /ndn/org/md2k/local/KEY/A%83%2C%DF%E5%04%A1%08/self/v=1684867290046
1684870396.606752 DEBUG: [mguard.Controller] Controller certificate: Certificate Name:
  /ndn/org/md2k/mguard/controller/KEY/%A0%944%D6%8B%B1%CB%29/%2Fndn%2Forg%2Fmd2k/v=1684867289002
Public Key:
  Key Type: 2048-bit RSA
  MIIBIjANBgkqhkiG9w0BAQEFAAOCAQ8AMIIBCgKCAQEAvlfgLPfxrOQ1+joIwIZM
  zv8V+8SuL8xohf0meGORqA+H33fY6448Ta9Hz23C2gFEF+UFqciLY/Rs6vcMIW+C
  n4TDy2PKdL45buWTcttJhtuW/l4ihmWNVT6kj/gfNBZhJO0UjSAhN23IPU4VWISU
  RRaOXsUYwiDia5gKGy9WNNgHp+POvvY0deGtnUcjazDXY5ZpK3yZLFk+prtKP4+J
  H6IM4ZkbwpIkPcXFYO2DxwjmYi2KD8CUnwxu5Ui9RQl7QyQ9wn+B3a2VWnvspObi
  ickE7MTmBYWHYqLhKogaWPziEYnTFyNUO7stFonwLnHccXHxKLCoHH1mLOONNozu
  5wIDAQAB
Validity:
  Not Before: 2023-05-23T18:41:30
  Not After: 2024-05-22T18:41:29
Signature Information:
  Signature Type: SignatureSha256WithRsa
  Key Locator: Name=/ndn/org/md2k/KEY/%07%0E%7B%02%E2Q%A1%16/self/v=1684867288834
1684870396.606840  INFO: [mguard.Controller] Policy path: policies/policy3
1684870396.606910 DEBUG: [mguard.nametree] prefix not in tree: /ndn/org/md2k/mguard/dd40c/phone/accelerometer parent: /
1684870396.606948 DEBUG: [mguard.nametree] prefix not in tree: /gyroscope parent: /ndn/org/md2k/mguard/dd40c/phone
1684870396.606960 DEBUG: [mguard.nametree] prefix not in tree: /battery parent: /ndn/org/md2k/mguard/dd40c/phone
1684870396.606970 DEBUG: [mguard.nametree] prefix not in tree: /gps parent: /ndn/org/md2k/mguard/dd40c/phone
1684870396.606992 DEBUG: [mguard.nametree] prefix not in tree: /data_analysis/gps_episodes_and_semantic_location parent: /ndn/org/md2k/mguard/dd40c
1684870396.607004 DEBUG: [mguard.nametree] prefix not in tree: /ndn/org/md2k/mguard/dd40c/phone/accelerometer parent: /
1684870396.607020 DEBUG: [mguard.nametree] prefix not in tree: /gyroscope parent: /ndn/org/md2k/mguard/dd40c/phone
1684870396.607039 DEBUG: [mguard.nametree] prefix not in tree: /battery parent: /ndn/org/md2k/mguard/dd40c/phone
1684870396.607048 DEBUG: [mguard.nametree] prefix not in tree: /gps parent: /ndn/org/md2k/mguard/dd40c/phone
1684870396.607069 DEBUG: [mguard.nametree] prefix not in tree: /data_analysis/gps_episodes_and_semantic_location parent: /ndn/org/md2k/mguard/dd40c
1684870396.607077 DEBUG: [mguard.nametree] prefix not in tree: / parent: /
1684870396.607101 DEBUG: [mguard.Controller] from policy info: (/ndn/org/md2k/mguard/dd40c/phone/accelerometer OR /ndn/org/md2k/mguard/dd40c/phone/gyroscope OR /ndn/org/md2k/mguard/dd40c/phone/battery OR /ndn/org/md2k/mguard/dd40c/phone/gps OR /ndn/org/md2k/mguard/dd40c/data_analysis/gps_episodes_and_semantic_location)
1684870396.607125 DEBUG: [mguard.Controller] Getting key and storing policy details for user: /ndn/org/md2k/A
1684870396.607139 DEBUG: [mguard.Controller] Policy path does't exist: 
1684870396.607140 DEBUG: [mguard.Controller] Getting key and storing policy details for user: /ndn/org/md2k/B
1684870396.607143 DEBUG: [mguard.Controller] Policy path does't exist: 
1684870396.607144 DEBUG: [mguard.Controller] Getting key and storing policy details for user: /ndn/org/md2k/C
1684870396.607146 DEBUG: [mguard.Controller] Policy path does't exist: 
1684870396.607147 DEBUG: [mguard.Controller] Getting key and storing policy details for user: /ndn/org/md2k/D
1684870396.607149 DEBUG: [mguard.Controller] Policy path does't exist: 
1684870396.607150 DEBUG: [mguard.Controller] Getting key and storing policy details for user: /ndn/org/md2k/E
1684870396.607153 DEBUG: [mguard.Controller] Policy path does't exist: 
1684870396.607156  INFO: [mguard.Controller] Setting interest filter on name: /ndn/org/md2k/mguard/controller
1684870396.607735  INFO: [mguard.Controller] Setting interest filter on name: /ndn/org/md2k/mguard/aa
1684870396.608257  INFO: [mguard.Controller] Setting interest filter on: /ndn/org/md2k/mguard/controller/POLICYDATA
1684870396.609403 DEBUG: [ndn.security.Validator] > Start validating data /localhost/nfd/rib/register/h%21%07%1C%08%03ndn%08%03org%08%04md2k%08%06mguard%08%02aal%01%01/params-sha256=4d864ad9531fa76ce4c3ace3adcad0da9d8592abb56478bff2b28b08a8d3f053
1684870396.609698 DEBUG: [ndn.security.Validator] > Start validating data /localhost/nfd/rib/register/h%29%07%24%08%03ndn%08%03org%08%04md2k%08%06mguard%08%0Acontrollerl%01%01/params-sha256=d24b2ff941e46ab88f335a4f894f06d08ad34534c12f2bc8a85c24f44c14125b
1684870396.609723  INFO: [mguard.Controller] Successfully registered prefix: /ndn/org/md2k/mguard/controller
1684870396.609824 DEBUG: [ndn.security.Validator] > Start validating data /localhost/nfd/rib/register/h%21%07%1C%08%03ndn%08%03org%08%04md2k%08%06mguard%08%02aal%01%01/params-sha256=b6da7d47d1ef3d137a433e3f4b08e9edae9bfa45d53e693e4f2f783b5be5dcef
1684870396.609845  INFO: [mguard.Controller] Successfully registered prefix: /ndn/org/md2k/mguard/aa
1684870396.609863 DEBUG: [ndn.security.Validator] > Start validating data /localhost/nfd/rib/register/h5%070%08%03ndn%08%03org%08%04md2k%08%06mguard%08%0Acontroller%08%0APOLICYDATAl%01%01/params-sha256=8020832ba6b07ddae815f3a637075cdf82c03bcb1fd03b06ba405bfdfc50538d
1684870396.609879  INFO: [mguard.Controller] Successfully registered prefix: /ndn/org/md2k/mguard/controller/POLICYDATA
1684870399.628859  INFO: [nacabe.AttributeAuthority] on public params request: /ndn/org/md2k/mguard/aa/PUBPARAMS
1684870401.714491  INFO: [nacabe.AttributeAuthority] Got DKEY request: /ndn/org/md2k/mguard/aa/DKEY/%07%26%08%03ndn%08%03org%08%04md2k%08%05local%08%03KEY%08%08A%83%2C%DF%E5%04%A1%08
1684870401.714536 DEBUG: [nacabe.AttributeAuthority] KeyName --------> /ndn/org/md2k/local/KEY/A%83%2C%DF%E5%04%A1%08
1684870401.714563  INFO: [nacabe.AttributeAuthority] DKEY Request Interest cannot be authenticated: no certificate for /ndn/org/md2k/local
