1653264689.692550 TRACE: [mguard.parser] stream name: /ndn/org/md2k/mguard/dd40c/phone/accelerometer
1653264689.692599 TRACE: [mguard.parser] stream name: /ndn/org/md2k/mguard/dd40c/data_analysis/gps_episodes_and_semantic_location
1653264689.692607 TRACE: [mguard.parser] stream name: /ndn/org/md2k/mguard/dd40c/phone/gyroscope
1653264689.692612 TRACE: [mguard.parser] stream name: /ndn/org/md2k/mguard/dd40c/phone/battery
1653264689.692616 TRACE: [mguard.parser] stream name: /ndn/org/md2k/mguard/dd40c/phone/gps
1653264689.692866  INFO: [nacabe.AttributeAuthority] Using KP-ABE
1653264689.698243  INFO: [mguard.Controller] policy path: policies/policy1
1653264689.698458 DEBUG: [mguard.parser] policyID: 1 abePolicy: (/ndn/org/md2k/mguard/dd40c/phone/accelerometer OR /ndn/org/md2k/mguard/dd40c/data_analysis/gps_episodes_and_semantic_location OR /ndn/org/md2k/mguard/dd40c/phone/gyroscope OR /ndn/org/md2k/mguard/dd40c/phone/battery OR /ndn/org/md2k/mguard/dd40c/phone/gps)
1653264689.698471 DEBUG: [mguard.Controller] from policy info: (/ndn/org/md2k/mguard/dd40c/phone/accelerometer OR /ndn/org/md2k/mguard/dd40c/data_analysis/gps_episodes_and_semantic_location OR /ndn/org/md2k/mguard/dd40c/phone/gyroscope OR /ndn/org/md2k/mguard/dd40c/phone/battery OR /ndn/org/md2k/mguard/dd40c/phone/gps)
1653264689.698474 TRACE: [mguard.Controller] Streams got from parser: /ndn/org/md2k/mguard/dd40c/phone/accelerometer
1653264689.698489 TRACE: [mguard.Controller] Streams got from parser: /ndn/org/md2k/mguard/dd40c/data_analysis/gps_episodes_and_semantic_location
1653264689.698505 TRACE: [mguard.Controller] Streams got from parser: /ndn/org/md2k/mguard/dd40c/phone/gyroscope
1653264689.698519 TRACE: [mguard.Controller] Streams got from parser: /ndn/org/md2k/mguard/dd40c/phone/battery
1653264689.698530 TRACE: [mguard.Controller] Streams got from parser: /ndn/org/md2k/mguard/dd40c/phone/gps
1653264689.698549 DEBUG: [mguard.Controller] Getting key and storing policy details for user: /ndn/org/md2k/A
1653264689.698563 DEBUG: [mguard.Controller] ABE policy for policy id: 1: (/ndn/org/md2k/mguard/dd40c/phone/accelerometer OR /ndn/org/md2k/mguard/dd40c/data_analysis/gps_episodes_and_semantic_location OR /ndn/org/md2k/mguard/dd40c/phone/gyroscope OR /ndn/org/md2k/mguard/dd40c/phone/battery OR /ndn/org/md2k/mguard/dd40c/phone/gps)
1653264689.698744 DEBUG: [mguard.Controller] Getting key and storing policy details for user: /ndn/org/md2k/B
1653264689.698757 DEBUG: [mguard.Controller] ABE policy for policy id: 1: (/ndn/org/md2k/mguard/dd40c/phone/accelerometer OR /ndn/org/md2k/mguard/dd40c/data_analysis/gps_episodes_and_semantic_location OR /ndn/org/md2k/mguard/dd40c/phone/gyroscope OR /ndn/org/md2k/mguard/dd40c/phone/battery OR /ndn/org/md2k/mguard/dd40c/phone/gps)
1653264689.698849 DEBUG: [mguard.Controller] Getting key and storing policy details for user: /ndn/org/md2k/C
1653264689.698862 DEBUG: [mguard.Controller] ABE policy for policy id: 1: (/ndn/org/md2k/mguard/dd40c/phone/accelerometer OR /ndn/org/md2k/mguard/dd40c/data_analysis/gps_episodes_and_semantic_location OR /ndn/org/md2k/mguard/dd40c/phone/gyroscope OR /ndn/org/md2k/mguard/dd40c/phone/battery OR /ndn/org/md2k/mguard/dd40c/phone/gps)
1653264689.698929 DEBUG: [mguard.Controller] Getting key and storing policy details for user: /ndn/org/md2k/D
1653264689.698941 DEBUG: [mguard.Controller] ABE policy for policy id: 1: (/ndn/org/md2k/mguard/dd40c/phone/accelerometer OR /ndn/org/md2k/mguard/dd40c/data_analysis/gps_episodes_and_semantic_location OR /ndn/org/md2k/mguard/dd40c/phone/gyroscope OR /ndn/org/md2k/mguard/dd40c/phone/battery OR /ndn/org/md2k/mguard/dd40c/phone/gps)
1653264689.699005 DEBUG: [mguard.Controller] Getting key and storing policy details for user: /ndn/org/md2k/E
1653264689.699017 DEBUG: [mguard.Controller] ABE policy for policy id: 1: (/ndn/org/md2k/mguard/dd40c/phone/accelerometer OR /ndn/org/md2k/mguard/dd40c/data_analysis/gps_episodes_and_semantic_location OR /ndn/org/md2k/mguard/dd40c/phone/gyroscope OR /ndn/org/md2k/mguard/dd40c/phone/battery OR /ndn/org/md2k/mguard/dd40c/phone/gps)
1653264689.699088 TRACE: [mguard.Controller] data consumer: /ndn/org/md2k/A ABE policy: (/ndn/org/md2k/mguard/dd40c/phone/accelerometer OR /ndn/org/md2k/mguard/dd40c/data_analysis/gps_episodes_and_semantic_location OR /ndn/org/md2k/mguard/dd40c/phone/gyroscope OR /ndn/org/md2k/mguard/dd40c/phone/battery OR /ndn/org/md2k/mguard/dd40c/phone/gps)
1653264689.699100 TRACE: [mguard.Controller] data consumer: /ndn/org/md2k/B ABE policy: (/ndn/org/md2k/mguard/dd40c/phone/accelerometer OR /ndn/org/md2k/mguard/dd40c/data_analysis/gps_episodes_and_semantic_location OR /ndn/org/md2k/mguard/dd40c/phone/gyroscope OR /ndn/org/md2k/mguard/dd40c/phone/battery OR /ndn/org/md2k/mguard/dd40c/phone/gps)
1653264689.699104 TRACE: [mguard.Controller] data consumer: /ndn/org/md2k/C ABE policy: (/ndn/org/md2k/mguard/dd40c/phone/accelerometer OR /ndn/org/md2k/mguard/dd40c/data_analysis/gps_episodes_and_semantic_location OR /ndn/org/md2k/mguard/dd40c/phone/gyroscope OR /ndn/org/md2k/mguard/dd40c/phone/battery OR /ndn/org/md2k/mguard/dd40c/phone/gps)
1653264689.699108 TRACE: [mguard.Controller] data consumer: /ndn/org/md2k/D ABE policy: (/ndn/org/md2k/mguard/dd40c/phone/accelerometer OR /ndn/org/md2k/mguard/dd40c/data_analysis/gps_episodes_and_semantic_location OR /ndn/org/md2k/mguard/dd40c/phone/gyroscope OR /ndn/org/md2k/mguard/dd40c/phone/battery OR /ndn/org/md2k/mguard/dd40c/phone/gps)
1653264689.699111 TRACE: [mguard.Controller] data consumer: /ndn/org/md2k/E ABE policy: (/ndn/org/md2k/mguard/dd40c/phone/accelerometer OR /ndn/org/md2k/mguard/dd40c/data_analysis/gps_episodes_and_semantic_location OR /ndn/org/md2k/mguard/dd40c/phone/gyroscope OR /ndn/org/md2k/mguard/dd40c/phone/battery OR /ndn/org/md2k/mguard/dd40c/phone/gps)
1653264689.699115  INFO: [mguard.Controller] Setting interest filter on: /ndn/org/md2k/mguard/controller
1653264689.701144 TRACE: [nacabe.AttributeAuthority] Prefix /ndn/org/md2k/mguard/aa registered successfully
1653264689.701223 TRACE: [nacabe.AttributeAuthority] InterestFilter /ndn/org/md2k/mguard/aa/PUBPARAMS set
1653264689.701253 TRACE: [nacabe.AttributeAuthority] InterestFilter /ndn/org/md2k/mguard/aa/DKEY set
1653264689.701615  INFO: [mguard.Controller] Successfully registered prefix: /ndn/org/md2k/mguard/controller
1653264692.703490  INFO: [nacabe.AttributeAuthority] on public params request: /ndn/org/md2k/mguard/aa/PUBPARAMS
1653264692.703635 DEBUG: [nacabe.AttributeAuthority] before sign
1653264692.707237 TRACE: [nacabe.AttributeAuthority] Reply public params request.
1653264692.707264 TRACE: [nacabe.AttributeAuthority] Pub params size: 609
1653264701.749148  INFO: [nacabe.AttributeAuthority] on public params request: /ndn/org/md2k/mguard/aa/PUBPARAMS
1653264701.749216 DEBUG: [nacabe.AttributeAuthority] before sign
1653264701.750979 TRACE: [nacabe.AttributeAuthority] Reply public params request.
1653264701.750991 TRACE: [nacabe.AttributeAuthority] Pub params size: 609
1653264701.751060  INFO: [nacabe.AttributeAuthority] Got DKEY request: /ndn/org/md2k/mguard/aa/DKEY/%07%13%08%03ndn%08%03org%08%04md2k%08%01B
1653264701.751132  INFO: [nacabe.AttributeAuthority] Find consumer(decryptor) certificate: /ndn/org/md2k/B/KEY/%5C%84%AC%92%12%129%D1/local/v=1652992178428
1653264701.759991  INFO: [mguard.Controller] Interest received: /ndn/org/md2k/mguard/controller/ndn/org/md2k/B name: /ndn/org/md2k/mguard/controller
1653264701.760013  INFO: [mguard.Controller] Consumer name: /ndn/org/md2k/B
1653264701.760030 DEBUG: [mguard.Controller]  Encoding stream name: /ndn/org/md2k/mguard/dd40c/phone/gps
1653264701.760036 DEBUG: [mguard.Controller]  Encoding stream name: /ndn/org/md2k/mguard/dd40c/phone/battery
1653264701.760041 DEBUG: [mguard.Controller]  Encoding stream name: /ndn/org/md2k/mguard/dd40c/phone/gyroscope
1653264701.760046 DEBUG: [mguard.Controller]  Encoding stream name: /ndn/org/md2k/mguard/dd40c/data_analysis/gps_episodes_and_semantic_location
1653264701.760052 DEBUG: [mguard.Controller]  Encoding stream name: /ndn/org/md2k/mguard/dd40c/phone/accelerometer
1653264701.760060 DEBUG: [mguard.Controller]  Encoding stream name: /ndn/org/md2k/mguard/dd40c/phone/gps
1653264701.760067 DEBUG: [mguard.Controller]  Encoding stream name: /ndn/org/md2k/mguard/dd40c/phone/battery
1653264701.760073 DEBUG: [mguard.Controller]  Encoding stream name: /ndn/org/md2k/mguard/dd40c/phone/gyroscope
1653264701.760078 DEBUG: [mguard.Controller]  Encoding stream name: /ndn/org/md2k/mguard/dd40c/data_analysis/gps_episodes_and_semantic_location
1653264701.760085 DEBUG: [mguard.Controller]  Encoding stream name: /ndn/org/md2k/mguard/dd40c/phone/accelerometer
1653264701.760944 DEBUG: [mguard.Controller] Data sent for :/ndn/org/md2k/mguard/controller/ndn/org/md2k/B
1653264703.750486  INFO: [nacabe.AttributeAuthority] Got DKEY request: /ndn/org/md2k/mguard/aa/DKEY/%07%13%08%03ndn%08%03org%08%04md2k%08%01C
1653264703.750570  INFO: [nacabe.AttributeAuthority] Find consumer(decryptor) certificate: /ndn/org/md2k/C/KEY/%ECU%8F%B1%1E%5DG%8F/local/v=1652992183877
1653264703.759545  INFO: [mguard.Controller] Interest received: /ndn/org/md2k/mguard/controller/ndn/org/md2k/C name: /ndn/org/md2k/mguard/controller
1653264703.759569  INFO: [mguard.Controller] Consumer name: /ndn/org/md2k/C
1653264703.759592 DEBUG: [mguard.Controller]  Encoding stream name: /ndn/org/md2k/mguard/dd40c/phone/gps
1653264703.759598 DEBUG: [mguard.Controller]  Encoding stream name: /ndn/org/md2k/mguard/dd40c/phone/battery
1653264703.759604 DEBUG: [mguard.Controller]  Encoding stream name: /ndn/org/md2k/mguard/dd40c/phone/gyroscope
1653264703.759610 DEBUG: [mguard.Controller]  Encoding stream name: /ndn/org/md2k/mguard/dd40c/data_analysis/gps_episodes_and_semantic_location
1653264703.759617 DEBUG: [mguard.Controller]  Encoding stream name: /ndn/org/md2k/mguard/dd40c/phone/accelerometer
1653264703.759624 DEBUG: [mguard.Controller]  Encoding stream name: /ndn/org/md2k/mguard/dd40c/phone/gps
1653264703.759630 DEBUG: [mguard.Controller]  Encoding stream name: /ndn/org/md2k/mguard/dd40c/phone/battery
1653264703.759636 DEBUG: [mguard.Controller]  Encoding stream name: /ndn/org/md2k/mguard/dd40c/phone/gyroscope
1653264703.759643 DEBUG: [mguard.Controller]  Encoding stream name: /ndn/org/md2k/mguard/dd40c/data_analysis/gps_episodes_and_semantic_location
1653264703.759651 DEBUG: [mguard.Controller]  Encoding stream name: /ndn/org/md2k/mguard/dd40c/phone/accelerometer
1653264703.759815 DEBUG: [mguard.Controller] Data sent for :/ndn/org/md2k/mguard/controller/ndn/org/md2k/C
1653264705.858470  INFO: [nacabe.AttributeAuthority] Got DKEY request: /ndn/org/md2k/mguard/aa/DKEY/%07%13%08%03ndn%08%03org%08%04md2k%08%01D
1653264705.858550  INFO: [nacabe.AttributeAuthority] Find consumer(decryptor) certificate: /ndn/org/md2k/D/KEY/v%25%CE%21%E7%EE%DEa/local/v=1652992188965
1653264705.867385  INFO: [mguard.Controller] Interest received: /ndn/org/md2k/mguard/controller/ndn/org/md2k/D name: /ndn/org/md2k/mguard/controller
1653264705.867407  INFO: [mguard.Controller] Consumer name: /ndn/org/md2k/D
1653264705.867422 DEBUG: [mguard.Controller]  Encoding stream name: /ndn/org/md2k/mguard/dd40c/phone/gps
1653264705.867429 DEBUG: [mguard.Controller]  Encoding stream name: /ndn/org/md2k/mguard/dd40c/phone/battery
1653264705.867435 DEBUG: [mguard.Controller]  Encoding stream name: /ndn/org/md2k/mguard/dd40c/phone/gyroscope
1653264705.867440 DEBUG: [mguard.Controller]  Encoding stream name: /ndn/org/md2k/mguard/dd40c/data_analysis/gps_episodes_and_semantic_location
1653264705.867447 DEBUG: [mguard.Controller]  Encoding stream name: /ndn/org/md2k/mguard/dd40c/phone/accelerometer
1653264705.867454 DEBUG: [mguard.Controller]  Encoding stream name: /ndn/org/md2k/mguard/dd40c/phone/gps
1653264705.867461 DEBUG: [mguard.Controller]  Encoding stream name: /ndn/org/md2k/mguard/dd40c/phone/battery
1653264705.867467 DEBUG: [mguard.Controller]  Encoding stream name: /ndn/org/md2k/mguard/dd40c/phone/gyroscope
1653264705.867474 DEBUG: [mguard.Controller]  Encoding stream name: /ndn/org/md2k/mguard/dd40c/data_analysis/gps_episodes_and_semantic_location
1653264705.867482 DEBUG: [mguard.Controller]  Encoding stream name: /ndn/org/md2k/mguard/dd40c/phone/accelerometer
1653264705.867650 DEBUG: [mguard.Controller] Data sent for :/ndn/org/md2k/mguard/controller/ndn/org/md2k/D
1653264707.798362  INFO: [nacabe.AttributeAuthority] on public params request: /ndn/org/md2k/mguard/aa/PUBPARAMS
1653264707.798432 DEBUG: [nacabe.AttributeAuthority] before sign
1653264707.800202 TRACE: [nacabe.AttributeAuthority] Reply public params request.
1653264707.800214 TRACE: [nacabe.AttributeAuthority] Pub params size: 609
1653264707.800284  INFO: [nacabe.AttributeAuthority] Got DKEY request: /ndn/org/md2k/mguard/aa/DKEY/%07%13%08%03ndn%08%03org%08%04md2k%08%01E
1653264707.800313  INFO: [nacabe.AttributeAuthority] Find consumer(decryptor) certificate: /ndn/org/md2k/E/KEY/%FE%84%8F%60b%F2%04j/local/v=1652992194844
1653264707.808853  INFO: [mguard.Controller] Interest received: /ndn/org/md2k/mguard/controller/ndn/org/md2k/E name: /ndn/org/md2k/mguard/controller
1653264707.808874  INFO: [mguard.Controller] Consumer name: /ndn/org/md2k/E
1653264707.808887 DEBUG: [mguard.Controller]  Encoding stream name: /ndn/org/md2k/mguard/dd40c/phone/gps
1653264707.808893 DEBUG: [mguard.Controller]  Encoding stream name: /ndn/org/md2k/mguard/dd40c/phone/battery
1653264707.808898 DEBUG: [mguard.Controller]  Encoding stream name: /ndn/org/md2k/mguard/dd40c/phone/gyroscope
1653264707.808904 DEBUG: [mguard.Controller]  Encoding stream name: /ndn/org/md2k/mguard/dd40c/data_analysis/gps_episodes_and_semantic_location
1653264707.808911 DEBUG: [mguard.Controller]  Encoding stream name: /ndn/org/md2k/mguard/dd40c/phone/accelerometer
1653264707.808917 DEBUG: [mguard.Controller]  Encoding stream name: /ndn/org/md2k/mguard/dd40c/phone/gps
1653264707.808923 DEBUG: [mguard.Controller]  Encoding stream name: /ndn/org/md2k/mguard/dd40c/phone/battery
1653264707.808929 DEBUG: [mguard.Controller]  Encoding stream name: /ndn/org/md2k/mguard/dd40c/phone/gyroscope
1653264707.808935 DEBUG: [mguard.Controller]  Encoding stream name: /ndn/org/md2k/mguard/dd40c/data_analysis/gps_episodes_and_semantic_location
1653264707.808942 DEBUG: [mguard.Controller]  Encoding stream name: /ndn/org/md2k/mguard/dd40c/phone/accelerometer
1653264707.809094 DEBUG: [mguard.Controller] Data sent for :/ndn/org/md2k/mguard/controller/ndn/org/md2k/E
1653265485.354280 ERROR: [mguard.Controller] Face error: error while receiving data from socket (End of file)
terminate called after throwing an instance of 'boost::exception_detail::clone_impl<boost::exception_detail::error_info_injector<mguard::Error> >'
  what():  error while receiving data from socket (End of file)
