22/05/23 00:11:50 WARN Utils: Your hostname, ogma resolves to a loopback address: 127.0.1.1; using 10.0.0.9 instead (on interface a-eth2)
22/05/23 00:11:50 WARN Utils: Set SPARK_LOCAL_IP if you need to bind to another address
22/05/23 00:11:50 WARN NativeCodeLoader: Unable to load native-hadoop library for your platform... using builtin-java classes where applicable
Using Spark's default log4j profile: org/apache/spark/log4j-defaults.properties
Setting default log level to "WARN".
To adjust logging level use sc.setLogLevel(newLevel). For SparkR, use setLogLevel(newLevel).
[Stage 0:>                                                          (0 + 1) / 1]                                                                                [Stage 1:>                                                        (0 + 36) / 36][Stage 1:====================================================>    (33 + 3) / 36]                                                                                No existing data to be deleted
Fetching data for start_time 2022-05-01 10:00:00 and end_time 2022-05-01 10:10:00
2022-05-01 10:00:00 2022-05-01 10:10:00
+-------------------+-------------------+-----+-------+-----------------+-------+-----------+
|          timestamp|          localtime| user|version|            level|voltage|temperature|
+-------------------+-------------------+-----+-------+-----------------+-------+-----------+
|2022-05-01 10:00:01|2022-05-01 05:00:01|dd40c|      1|            99.99|   3700|         70|
|2022-05-01 10:00:02|2022-05-01 05:00:02|dd40c|      1|99.97999999999999|   3700|         70|
|2022-05-01 10:00:03|2022-05-01 05:00:03|dd40c|      1|99.96999999999998|   3700|         70|
|2022-05-01 10:00:04|2022-05-01 05:00:04|dd40c|      1|99.95999999999998|   3700|         70|
|2022-05-01 10:00:05|2022-05-01 05:00:05|dd40c|      1|99.94999999999997|   3700|         70|
+-------------------+-------------------+-----+-------+-----------------+-------+-----------+
only showing top 5 rows

<class 'tuple'>
+-------------------+-------------------+-----+-------+------------------+------------------+--------+--------+----------+---------+
|          timestamp|          localtime| user|version|          latitude|         longitude|altitude|   speed|   bearing| accuracy|
+-------------------+-------------------+-----+-------+------------------+------------------+--------+--------+----------+---------+
|2022-05-01 10:00:00|2022-05-01 15:00:00|dd40c|      1| 35.11861616436881| -89.8824604979629|      94|2.576074|251.184305|20.278212|
|2022-05-01 10:01:00|2022-05-01 15:00:00|dd40c|      1|35.115998266977485|-89.88224599945197|      94|2.430438|328.712272|18.642841|
|2022-05-01 10:02:00|2022-05-01 15:00:00|dd40c|      1| 35.11426450298962|-89.88224569192268|      92|0.064757| 93.943339|10.977727|
|2022-05-01 10:03:00|2022-05-01 15:00:00|dd40c|      1| 35.11787002429821|-89.88378278219128|      95|3.250007| 27.240972|11.377046|
|2022-05-01 10:04:00|2022-05-01 15:00:00|dd40c|      1| 35.11782189335614|-89.88156437830048|      89|3.048592| 50.766123|27.109905|
|2022-05-01 10:05:00|2022-05-01 15:00:00|dd40c|      1|35.116070598888555|-89.88291657118191|      94|1.643185| 26.347933|25.371986|
|2022-05-01 10:06:00|2022-05-01 15:00:00|dd40c|      1| 35.11714344284848| -89.8840489726667|      96|0.952681|149.392175|20.474352|
|2022-05-01 10:07:00|2022-05-01 15:00:00|dd40c|      1| 35.11679760429255|-89.88269529931856|      85|1.215512|  0.786496| 14.05167|
|2022-05-01 10:08:00|2022-05-01 15:00:00|dd40c|      1|35.115913846563664|-89.88193002522353|      95| 2.11606|143.258706|13.941009|
|2022-05-01 10:09:00|2022-05-01 15:00:00|dd40c|      1|35.116664621960595|-89.88218126790129|      98|4.746713|113.641279|19.305754|
+-------------------+-------------------+-----+-------+------------------+------------------+--------+--------+----------+---------+

+-------------------+-------------------+-----+-------+------------------------------------------+-------------+
|timestamp          |localtime          |user |version|window                                    |semantic_name|
+-------------------+-------------------+-----+-------+------------------------------------------+-------------+
|2022-05-01 10:00:00|2022-05-01 15:00:00|dd40c|1      |{2022-05-01 10:00:00, 2022-05-01 10:10:00}|gym          |
+-------------------+-------------------+-----+-------+------------------------------------------+-------------+

Sender initialize
Sample data from the stream: 
             timestamp           localtime  ...   user version
0 2022-05-01 10:00:00 2022-05-01 15:00:00  ...  dd40c       1

[1 rows x 6 columns]
Sending data for stream name ndn--org--md2k--mguard--dd40c--data_analysis--gps_episodes_and_semantic_location
Metadata of the stream ndn--org--md2k--mguard--dd40c--data_analysis--gps_episodes_and_semantic_location|1|247
Sender initialize
Sample data from the stream: 
             timestamp           localtime  level  ...  temperature   user version
0 2022-05-01 10:04:33 2022-05-01 05:04:33  97.27  ...           70  dd40c       1
1 2022-05-01 10:04:34 2022-05-01 05:04:34  97.26  ...           70  dd40c       1
2 2022-05-01 10:04:35 2022-05-01 05:04:35  97.25  ...           70  dd40c       1
3 2022-05-01 10:04:36 2022-05-01 05:04:36  97.24  ...           70  dd40c       1
4 2022-05-01 10:04:37 2022-05-01 05:04:37  97.23  ...           70  dd40c       1
5 2022-05-01 10:04:38 2022-05-01 05:04:38  97.22  ...           70  dd40c       1
6 2022-05-01 10:04:39 2022-05-01 05:04:39  97.21  ...           70  dd40c       1
7 2022-05-01 10:04:40 2022-05-01 05:04:40  97.20  ...           70  dd40c       1
8 2022-05-01 10:04:41 2022-05-01 05:04:41  97.19  ...           70  dd40c       1
9 2022-05-01 10:04:42 2022-05-01 05:04:42  97.18  ...           70  dd40c       1

[10 rows x 7 columns]
Sending data for stream name ndn--org--md2k--mguard--dd40c--phone--battery
Metadata of the stream ndn--org--md2k--mguard--dd40c--phone--battery|46|46619
Sender initialize
Sample data from the stream: 
             timestamp           localtime   latitude  ...   accuracy   user  version
0 2022-05-01 10:09:00 2022-05-01 15:00:00  35.116665  ...  19.305754  dd40c        1
1 2022-05-01 10:06:00 2022-05-01 15:00:00  35.117143  ...  20.474352  dd40c        1
2 2022-05-01 10:08:00 2022-05-01 15:00:00  35.115914  ...  13.941009  dd40c        1
3 2022-05-01 10:04:00 2022-05-01 15:00:00  35.117822  ...  27.109905  dd40c        1
4 2022-05-01 10:01:00 2022-05-01 15:00:00  35.115998  ...  18.642841  dd40c        1
5 2022-05-01 10:07:00 2022-05-01 15:00:00  35.116798  ...  14.051670  dd40c        1
6 2022-05-01 10:05:00 2022-05-01 15:00:00  35.116071  ...  25.371986  dd40c        1
7 2022-05-01 10:02:00 2022-05-01 15:00:00  35.114265  ...  10.977727  dd40c        1
8 2022-05-01 10:03:00 2022-05-01 15:00:00  35.117870  ...  11.377046  dd40c        1
9 2022-05-01 10:00:00 2022-05-01 15:00:00  35.118616  ...  20.278212  dd40c        1

[10 rows x 10 columns]
Sending data for stream name ndn--org--md2k--mguard--dd40c--phone--gps
Metadata of the stream ndn--org--md2k--mguard--dd40c--phone--gps|2|1328
sending data for batch: 1, completed
sending data for all the batch completed
