1653282772.809121 TRACE: [mguard.parser] stream name: /ndn/org/md2k/mguard/dd40c/phone/accelerometer
1653282772.809181 TRACE: [mguard.parser] stream name: /ndn/org/md2k/mguard/dd40c/data_analysis/gps_episodes_and_semantic_location
1653282772.809191 TRACE: [mguard.parser] stream name: /ndn/org/md2k/mguard/dd40c/phone/gyroscope
1653282772.809196 TRACE: [mguard.parser] stream name: /ndn/org/md2k/mguard/dd40c/phone/battery
1653282772.809201 TRACE: [mguard.parser] stream name: /ndn/org/md2k/mguard/dd40c/phone/gps
1653282772.809495  INFO: [nacabe.AttributeAuthority] Using KP-ABE
1653282772.817266  INFO: [mguard.Controller] policy path: policies/policy1
1653282772.817569 DEBUG: [mguard.parser] policyID: 1 abePolicy: (/ndn/org/md2k/mguard/dd40c/phone/accelerometer OR /ndn/org/md2k/mguard/dd40c/data_analysis/gps_episodes_and_semantic_location OR /ndn/org/md2k/mguard/dd40c/phone/gyroscope OR /ndn/org/md2k/mguard/dd40c/phone/battery OR /ndn/org/md2k/mguard/dd40c/phone/gps)
1653282772.817588 DEBUG: [mguard.Controller] from policy info: (/ndn/org/md2k/mguard/dd40c/phone/accelerometer OR /ndn/org/md2k/mguard/dd40c/data_analysis/gps_episodes_and_semantic_location OR /ndn/org/md2k/mguard/dd40c/phone/gyroscope OR /ndn/org/md2k/mguard/dd40c/phone/battery OR /ndn/org/md2k/mguard/dd40c/phone/gps)
1653282772.817593 TRACE: [mguard.Controller] Streams got from parser: /ndn/org/md2k/mguard/dd40c/phone/accelerometer
1653282772.817618 TRACE: [mguard.Controller] Streams got from parser: /ndn/org/md2k/mguard/dd40c/data_analysis/gps_episodes_and_semantic_location
1653282772.817641 TRACE: [mguard.Controller] Streams got from parser: /ndn/org/md2k/mguard/dd40c/phone/gyroscope
1653282772.817661 TRACE: [mguard.Controller] Streams got from parser: /ndn/org/md2k/mguard/dd40c/phone/battery
1653282772.817683 TRACE: [mguard.Controller] Streams got from parser: /ndn/org/md2k/mguard/dd40c/phone/gps
1653282772.817705 DEBUG: [mguard.Controller] Getting key and storing policy details for user: /ndn/org/md2k/A
1653282772.817723 DEBUG: [mguard.Controller] ABE policy for policy id: 1: (/ndn/org/md2k/mguard/dd40c/phone/accelerometer OR /ndn/org/md2k/mguard/dd40c/data_analysis/gps_episodes_and_semantic_location OR /ndn/org/md2k/mguard/dd40c/phone/gyroscope OR /ndn/org/md2k/mguard/dd40c/phone/battery OR /ndn/org/md2k/mguard/dd40c/phone/gps)
1653282772.817971 DEBUG: [mguard.Controller] Getting key and storing policy details for user: /ndn/org/md2k/B
1653282772.817990 DEBUG: [mguard.Controller] ABE policy for policy id: 1: (/ndn/org/md2k/mguard/dd40c/phone/accelerometer OR /ndn/org/md2k/mguard/dd40c/data_analysis/gps_episodes_and_semantic_location OR /ndn/org/md2k/mguard/dd40c/phone/gyroscope OR /ndn/org/md2k/mguard/dd40c/phone/battery OR /ndn/org/md2k/mguard/dd40c/phone/gps)
1653282772.818133 DEBUG: [mguard.Controller] Getting key and storing policy details for user: /ndn/org/md2k/C
1653282772.818152 DEBUG: [mguard.Controller] ABE policy for policy id: 1: (/ndn/org/md2k/mguard/dd40c/phone/accelerometer OR /ndn/org/md2k/mguard/dd40c/data_analysis/gps_episodes_and_semantic_location OR /ndn/org/md2k/mguard/dd40c/phone/gyroscope OR /ndn/org/md2k/mguard/dd40c/phone/battery OR /ndn/org/md2k/mguard/dd40c/phone/gps)
1653282772.818254 DEBUG: [mguard.Controller] Getting key and storing policy details for user: /ndn/org/md2k/D
1653282772.818272 DEBUG: [mguard.Controller] ABE policy for policy id: 1: (/ndn/org/md2k/mguard/dd40c/phone/accelerometer OR /ndn/org/md2k/mguard/dd40c/data_analysis/gps_episodes_and_semantic_location OR /ndn/org/md2k/mguard/dd40c/phone/gyroscope OR /ndn/org/md2k/mguard/dd40c/phone/battery OR /ndn/org/md2k/mguard/dd40c/phone/gps)
1653282772.818366 DEBUG: [mguard.Controller] Getting key and storing policy details for user: /ndn/org/md2k/E
1653282772.818383 DEBUG: [mguard.Controller] ABE policy for policy id: 1: (/ndn/org/md2k/mguard/dd40c/phone/accelerometer OR /ndn/org/md2k/mguard/dd40c/data_analysis/gps_episodes_and_semantic_location OR /ndn/org/md2k/mguard/dd40c/phone/gyroscope OR /ndn/org/md2k/mguard/dd40c/phone/battery OR /ndn/org/md2k/mguard/dd40c/phone/gps)
1653282772.818482 TRACE: [mguard.Controller] data consumer: /ndn/org/md2k/A ABE policy: (/ndn/org/md2k/mguard/dd40c/phone/accelerometer OR /ndn/org/md2k/mguard/dd40c/data_analysis/gps_episodes_and_semantic_location OR /ndn/org/md2k/mguard/dd40c/phone/gyroscope OR /ndn/org/md2k/mguard/dd40c/phone/battery OR /ndn/org/md2k/mguard/dd40c/phone/gps)
1653282772.818500 TRACE: [mguard.Controller] data consumer: /ndn/org/md2k/B ABE policy: (/ndn/org/md2k/mguard/dd40c/phone/accelerometer OR /ndn/org/md2k/mguard/dd40c/data_analysis/gps_episodes_and_semantic_location OR /ndn/org/md2k/mguard/dd40c/phone/gyroscope OR /ndn/org/md2k/mguard/dd40c/phone/battery OR /ndn/org/md2k/mguard/dd40c/phone/gps)
1653282772.818506 TRACE: [mguard.Controller] data consumer: /ndn/org/md2k/C ABE policy: (/ndn/org/md2k/mguard/dd40c/phone/accelerometer OR /ndn/org/md2k/mguard/dd40c/data_analysis/gps_episodes_and_semantic_location OR /ndn/org/md2k/mguard/dd40c/phone/gyroscope OR /ndn/org/md2k/mguard/dd40c/phone/battery OR /ndn/org/md2k/mguard/dd40c/phone/gps)
1653282772.818512 TRACE: [mguard.Controller] data consumer: /ndn/org/md2k/D ABE policy: (/ndn/org/md2k/mguard/dd40c/phone/accelerometer OR /ndn/org/md2k/mguard/dd40c/data_analysis/gps_episodes_and_semantic_location OR /ndn/org/md2k/mguard/dd40c/phone/gyroscope OR /ndn/org/md2k/mguard/dd40c/phone/battery OR /ndn/org/md2k/mguard/dd40c/phone/gps)
1653282772.818517 TRACE: [mguard.Controller] data consumer: /ndn/org/md2k/E ABE policy: (/ndn/org/md2k/mguard/dd40c/phone/accelerometer OR /ndn/org/md2k/mguard/dd40c/data_analysis/gps_episodes_and_semantic_location OR /ndn/org/md2k/mguard/dd40c/phone/gyroscope OR /ndn/org/md2k/mguard/dd40c/phone/battery OR /ndn/org/md2k/mguard/dd40c/phone/gps)
1653282772.818523  INFO: [mguard.Controller] Setting interest filter on: /ndn/org/md2k/mguard/controller
1653282772.820892 TRACE: [nacabe.AttributeAuthority] Prefix /ndn/org/md2k/mguard/aa registered successfully
1653282772.821030 TRACE: [nacabe.AttributeAuthority] InterestFilter /ndn/org/md2k/mguard/aa/PUBPARAMS set
1653282772.821084 TRACE: [nacabe.AttributeAuthority] InterestFilter /ndn/org/md2k/mguard/aa/DKEY set
1653282772.821613  INFO: [mguard.Controller] Successfully registered prefix: /ndn/org/md2k/mguard/controller
1653282775.821518  INFO: [nacabe.AttributeAuthority] on public params request: /ndn/org/md2k/mguard/aa/PUBPARAMS
1653282775.821670 DEBUG: [nacabe.AttributeAuthority] before sign
1653282775.825281 TRACE: [nacabe.AttributeAuthority] Reply public params request.
1653282775.825298 TRACE: [nacabe.AttributeAuthority] Pub params size: 609
1653282784.863679  INFO: [nacabe.AttributeAuthority] on public params request: /ndn/org/md2k/mguard/aa/PUBPARAMS
1653282784.863721 DEBUG: [nacabe.AttributeAuthority] before sign
1653282784.864404 TRACE: [nacabe.AttributeAuthority] Reply public params request.
1653282784.864409 TRACE: [nacabe.AttributeAuthority] Pub params size: 609
1653282784.864448  INFO: [nacabe.AttributeAuthority] Got DKEY request: /ndn/org/md2k/mguard/aa/DKEY/%07%13%08%03ndn%08%03org%08%04md2k%08%01B
1653282784.864491  INFO: [nacabe.AttributeAuthority] Find consumer(decryptor) certificate: /ndn/org/md2k/B/KEY/%5C%84%AC%92%12%129%D1/local/v=1652992178428
1653282784.868004  INFO: [mguard.Controller] Interest received: /ndn/org/md2k/mguard/controller/ndn/org/md2k/B name: /ndn/org/md2k/mguard/controller
1653282784.868017  INFO: [mguard.Controller] Consumer name: /ndn/org/md2k/B
1653282784.868026 DEBUG: [mguard.Controller]  Encoding stream name: /ndn/org/md2k/mguard/dd40c/phone/gps
1653282784.868030 DEBUG: [mguard.Controller]  Encoding stream name: /ndn/org/md2k/mguard/dd40c/phone/battery
1653282784.868032 DEBUG: [mguard.Controller]  Encoding stream name: /ndn/org/md2k/mguard/dd40c/phone/gyroscope
1653282784.868034 DEBUG: [mguard.Controller]  Encoding stream name: /ndn/org/md2k/mguard/dd40c/data_analysis/gps_episodes_and_semantic_location
1653282784.868037 DEBUG: [mguard.Controller]  Encoding stream name: /ndn/org/md2k/mguard/dd40c/phone/accelerometer
1653282784.868041 DEBUG: [mguard.Controller]  Encoding stream name: /ndn/org/md2k/mguard/dd40c/phone/gps
1653282784.868044 DEBUG: [mguard.Controller]  Encoding stream name: /ndn/org/md2k/mguard/dd40c/phone/battery
1653282784.868046 DEBUG: [mguard.Controller]  Encoding stream name: /ndn/org/md2k/mguard/dd40c/phone/gyroscope
1653282784.868049 DEBUG: [mguard.Controller]  Encoding stream name: /ndn/org/md2k/mguard/dd40c/data_analysis/gps_episodes_and_semantic_location
1653282784.868051 DEBUG: [mguard.Controller]  Encoding stream name: /ndn/org/md2k/mguard/dd40c/phone/accelerometer
1653282784.868465 DEBUG: [mguard.Controller] Data sent for :/ndn/org/md2k/mguard/controller/ndn/org/md2k/B
1653282786.862205  INFO: [nacabe.AttributeAuthority] Got DKEY request: /ndn/org/md2k/mguard/aa/DKEY/%07%13%08%03ndn%08%03org%08%04md2k%08%01C
1653282786.862271  INFO: [nacabe.AttributeAuthority] Find consumer(decryptor) certificate: /ndn/org/md2k/C/KEY/%ECU%8F%B1%1E%5DG%8F/local/v=1652992183877
1653282786.871437  INFO: [mguard.Controller] Interest received: /ndn/org/md2k/mguard/controller/ndn/org/md2k/C name: /ndn/org/md2k/mguard/controller
1653282786.871462  INFO: [mguard.Controller] Consumer name: /ndn/org/md2k/C
1653282786.871480 DEBUG: [mguard.Controller]  Encoding stream name: /ndn/org/md2k/mguard/dd40c/phone/gps
1653282786.871488 DEBUG: [mguard.Controller]  Encoding stream name: /ndn/org/md2k/mguard/dd40c/phone/battery
1653282786.871494 DEBUG: [mguard.Controller]  Encoding stream name: /ndn/org/md2k/mguard/dd40c/phone/gyroscope
1653282786.871500 DEBUG: [mguard.Controller]  Encoding stream name: /ndn/org/md2k/mguard/dd40c/data_analysis/gps_episodes_and_semantic_location
1653282786.871508 DEBUG: [mguard.Controller]  Encoding stream name: /ndn/org/md2k/mguard/dd40c/phone/accelerometer
1653282786.871516 DEBUG: [mguard.Controller]  Encoding stream name: /ndn/org/md2k/mguard/dd40c/phone/gps
1653282786.871523 DEBUG: [mguard.Controller]  Encoding stream name: /ndn/org/md2k/mguard/dd40c/phone/battery
1653282786.871530 DEBUG: [mguard.Controller]  Encoding stream name: /ndn/org/md2k/mguard/dd40c/phone/gyroscope
1653282786.871537 DEBUG: [mguard.Controller]  Encoding stream name: /ndn/org/md2k/mguard/dd40c/data_analysis/gps_episodes_and_semantic_location
1653282786.871549 DEBUG: [mguard.Controller]  Encoding stream name: /ndn/org/md2k/mguard/dd40c/phone/accelerometer
1653282786.871721 DEBUG: [mguard.Controller] Data sent for :/ndn/org/md2k/mguard/controller/ndn/org/md2k/C
1653282788.973377  INFO: [nacabe.AttributeAuthority] Got DKEY request: /ndn/org/md2k/mguard/aa/DKEY/%07%13%08%03ndn%08%03org%08%04md2k%08%01D
1653282788.973443  INFO: [nacabe.AttributeAuthority] Find consumer(decryptor) certificate: /ndn/org/md2k/D/KEY/v%25%CE%21%E7%EE%DEa/local/v=1652992188965
1653282788.982568  INFO: [mguard.Controller] Interest received: /ndn/org/md2k/mguard/controller/ndn/org/md2k/D name: /ndn/org/md2k/mguard/controller
1653282788.982591  INFO: [mguard.Controller] Consumer name: /ndn/org/md2k/D
1653282788.982618 DEBUG: [mguard.Controller]  Encoding stream name: /ndn/org/md2k/mguard/dd40c/phone/gps
1653282788.982624 DEBUG: [mguard.Controller]  Encoding stream name: /ndn/org/md2k/mguard/dd40c/phone/battery
1653282788.982629 DEBUG: [mguard.Controller]  Encoding stream name: /ndn/org/md2k/mguard/dd40c/phone/gyroscope
1653282788.982633 DEBUG: [mguard.Controller]  Encoding stream name: /ndn/org/md2k/mguard/dd40c/data_analysis/gps_episodes_and_semantic_location
1653282788.982641 DEBUG: [mguard.Controller]  Encoding stream name: /ndn/org/md2k/mguard/dd40c/phone/accelerometer
1653282788.982646 DEBUG: [mguard.Controller]  Encoding stream name: /ndn/org/md2k/mguard/dd40c/phone/gps
1653282788.982653 DEBUG: [mguard.Controller]  Encoding stream name: /ndn/org/md2k/mguard/dd40c/phone/battery
1653282788.982659 DEBUG: [mguard.Controller]  Encoding stream name: /ndn/org/md2k/mguard/dd40c/phone/gyroscope
1653282788.982665 DEBUG: [mguard.Controller]  Encoding stream name: /ndn/org/md2k/mguard/dd40c/data_analysis/gps_episodes_and_semantic_location
1653282788.982673 DEBUG: [mguard.Controller]  Encoding stream name: /ndn/org/md2k/mguard/dd40c/phone/accelerometer
1653282788.982832 DEBUG: [mguard.Controller] Data sent for :/ndn/org/md2k/mguard/controller/ndn/org/md2k/D
1653282790.900288  INFO: [nacabe.AttributeAuthority] on public params request: /ndn/org/md2k/mguard/aa/PUBPARAMS
1653282790.900362 DEBUG: [nacabe.AttributeAuthority] before sign
1653282790.902110 TRACE: [nacabe.AttributeAuthority] Reply public params request.
1653282790.902122 TRACE: [nacabe.AttributeAuthority] Pub params size: 609
1653282790.902191  INFO: [nacabe.AttributeAuthority] Got DKEY request: /ndn/org/md2k/mguard/aa/DKEY/%07%13%08%03ndn%08%03org%08%04md2k%08%01E
1653282790.902223  INFO: [nacabe.AttributeAuthority] Find consumer(decryptor) certificate: /ndn/org/md2k/E/KEY/%FE%84%8F%60b%F2%04j/local/v=1652992194844
1653282790.911007  INFO: [mguard.Controller] Interest received: /ndn/org/md2k/mguard/controller/ndn/org/md2k/E name: /ndn/org/md2k/mguard/controller
1653282790.911029  INFO: [mguard.Controller] Consumer name: /ndn/org/md2k/E
1653282790.911043 DEBUG: [mguard.Controller]  Encoding stream name: /ndn/org/md2k/mguard/dd40c/phone/gps
1653282790.911050 DEBUG: [mguard.Controller]  Encoding stream name: /ndn/org/md2k/mguard/dd40c/phone/battery
1653282790.911056 DEBUG: [mguard.Controller]  Encoding stream name: /ndn/org/md2k/mguard/dd40c/phone/gyroscope
1653282790.911062 DEBUG: [mguard.Controller]  Encoding stream name: /ndn/org/md2k/mguard/dd40c/data_analysis/gps_episodes_and_semantic_location
1653282790.911071 DEBUG: [mguard.Controller]  Encoding stream name: /ndn/org/md2k/mguard/dd40c/phone/accelerometer
1653282790.911079 DEBUG: [mguard.Controller]  Encoding stream name: /ndn/org/md2k/mguard/dd40c/phone/gps
1653282790.911085 DEBUG: [mguard.Controller]  Encoding stream name: /ndn/org/md2k/mguard/dd40c/phone/battery
1653282790.911094 DEBUG: [mguard.Controller]  Encoding stream name: /ndn/org/md2k/mguard/dd40c/phone/gyroscope
1653282790.911101 DEBUG: [mguard.Controller]  Encoding stream name: /ndn/org/md2k/mguard/dd40c/data_analysis/gps_episodes_and_semantic_location
1653282790.911110 DEBUG: [mguard.Controller]  Encoding stream name: /ndn/org/md2k/mguard/dd40c/phone/accelerometer
1653282790.911276 DEBUG: [mguard.Controller] Data sent for :/ndn/org/md2k/mguard/controller/ndn/org/md2k/E
1653283246.047912 ERROR: [mguard.Controller] Face error: error while receiving data from socket (End of file)
terminate called after throwing an instance of 'boost::exception_detail::clone_impl<boost::exception_detail::error_info_injector<mguard::Error> >'
  what():  error while receiving data from socket (End of file)
