22/05/23 05:13:13 WARN Utils: Your hostname, ogma resolves to a loopback address: 127.0.1.1; using 10.0.0.9 instead (on interface a-eth2)
22/05/23 05:13:13 WARN Utils: Set SPARK_LOCAL_IP if you need to bind to another address
22/05/23 05:13:13 WARN NativeCodeLoader: Unable to load native-hadoop library for your platform... using builtin-java classes where applicable
Using Spark's default log4j profile: org/apache/spark/log4j-defaults.properties
Setting default log level to "WARN".
To adjust logging level use sc.setLogLevel(newLevel). For SparkR, use setLogLevel(newLevel).
[Stage 0:>                                                          (0 + 1) / 1]                                                                                [Stage 1:>                                                        (0 + 36) / 36]                                                                                No existing data to be deleted
Fetching data for start_time 2022-05-01 10:00:00 and end_time 2022-05-01 10:10:00
2022-05-01 10:00:00 2022-05-01 10:10:00
+-------------------+-------------------+-----+-------+-----------------+-------+-----------+
|          timestamp|          localtime| user|version|            level|voltage|temperature|
+-------------------+-------------------+-----+-------+-----------------+-------+-----------+
|2022-05-01 10:00:01|2022-05-01 05:00:01|dd40c|      1|            99.99|   3700|         70|
|2022-05-01 10:00:02|2022-05-01 05:00:02|dd40c|      1|99.97999999999999|   3700|         70|
|2022-05-01 10:00:03|2022-05-01 05:00:03|dd40c|      1|99.96999999999998|   3700|         70|
|2022-05-01 10:00:04|2022-05-01 05:00:04|dd40c|      1|99.95999999999998|   3700|         70|
|2022-05-01 10:00:05|2022-05-01 05:00:05|dd40c|      1|99.94999999999997|   3700|         70|
+-------------------+-------------------+-----+-------+-----------------+-------+-----------+
only showing top 5 rows

<class 'tuple'>
+-------------------+-------------------+-----+-------+------------------+------------------+--------+--------+----------+---------+
|          timestamp|          localtime| user|version|          latitude|         longitude|altitude|   speed|   bearing| accuracy|
+-------------------+-------------------+-----+-------+------------------+------------------+--------+--------+----------+---------+
|2022-05-01 10:00:00|2022-05-01 15:00:00|dd40c|      1|35.186157928314124|-89.95640140692028|      96|3.714137| 54.524808|14.767784|
|2022-05-01 10:01:00|2022-05-01 15:00:00|dd40c|      1| 35.18231980275614|-89.95595806771257|      83|1.726456|117.875317|15.600996|
|2022-05-01 10:02:00|2022-05-01 15:00:00|dd40c|      1| 35.18418359264672|-89.95432558850796|      89|3.275631|211.017615|10.204275|
|2022-05-01 10:03:00|2022-05-01 15:00:00|dd40c|      1| 35.18339287559786|-89.95634944687754|      97|0.354682| 23.435264|18.383114|
|2022-05-01 10:04:00|2022-05-01 15:00:00|dd40c|      1| 35.18406705453961|-89.95439225292971|      84|1.244397|244.861867|22.091556|
|2022-05-01 10:05:00|2022-05-01 15:00:00|dd40c|      1| 35.18627230024207|-89.95348995415858|      88|3.286214|206.974491|16.605968|
|2022-05-01 10:06:00|2022-05-01 15:00:00|dd40c|      1| 35.18553855520465| -89.9556892108688|      99|3.747651|295.923527|26.726712|
|2022-05-01 10:07:00|2022-05-01 15:00:00|dd40c|      1|   35.184402087727|-89.95577543514351|      93|3.335086| 96.087513|14.173699|
|2022-05-01 10:08:00|2022-05-01 15:00:00|dd40c|      1| 35.18348030492991| -89.9535947146144|      94|4.069198|275.084193|24.615546|
|2022-05-01 10:09:00|2022-05-01 15:00:00|dd40c|      1| 35.18588701415626|-89.95466700895248|      94| 2.55373|101.204065|28.650368|
+-------------------+-------------------+-----+-------+------------------+------------------+--------+--------+----------+---------+

+-------------------+-------------------+-----+-------+------------------------------------------+-------------+
|timestamp          |localtime          |user |version|window                                    |semantic_name|
+-------------------+-------------------+-----+-------+------------------------------------------+-------------+
|2022-05-01 10:00:00|2022-05-01 15:00:00|dd40c|1      |{2022-05-01 10:00:00, 2022-05-01 10:10:00}|shopping-mall|
+-------------------+-------------------+-----+-------+------------------------------------------+-------------+

Sender initialize
Sample data from the stream: 
             timestamp           localtime  ...   user version
0 2022-05-01 10:00:00 2022-05-01 15:00:00  ...  dd40c       1

[1 rows x 6 columns]
Sending data for stream name ndn--org--md2k--mguard--dd40c--data_analysis--gps_episodes_and_semantic_location
Metadata of the stream ndn--org--md2k--mguard--dd40c--data_analysis--gps_episodes_and_semantic_location|1|257
Sender initialize
Sample data from the stream: 
             timestamp           localtime  level  ...  temperature   user version
0 2022-05-01 10:04:33 2022-05-01 05:04:33  97.27  ...           70  dd40c       1
1 2022-05-01 10:04:34 2022-05-01 05:04:34  97.26  ...           70  dd40c       1
2 2022-05-01 10:04:35 2022-05-01 05:04:35  97.25  ...           70  dd40c       1
3 2022-05-01 10:04:36 2022-05-01 05:04:36  97.24  ...           70  dd40c       1
4 2022-05-01 10:04:37 2022-05-01 05:04:37  97.23  ...           70  dd40c       1
5 2022-05-01 10:04:38 2022-05-01 05:04:38  97.22  ...           70  dd40c       1
6 2022-05-01 10:04:39 2022-05-01 05:04:39  97.21  ...           70  dd40c       1
7 2022-05-01 10:04:40 2022-05-01 05:04:40  97.20  ...           70  dd40c       1
8 2022-05-01 10:04:41 2022-05-01 05:04:41  97.19  ...           70  dd40c       1
9 2022-05-01 10:04:42 2022-05-01 05:04:42  97.18  ...           70  dd40c       1

[10 rows x 7 columns]
Sending data for stream name ndn--org--md2k--mguard--dd40c--phone--battery
Metadata of the stream ndn--org--md2k--mguard--dd40c--phone--battery|46|46619
Sender initialize
Sample data from the stream: 
             timestamp           localtime   latitude  ...   accuracy   user  version
0 2022-05-01 10:06:00 2022-05-01 15:00:00  35.185539  ...  26.726712  dd40c        1
1 2022-05-01 10:07:00 2022-05-01 15:00:00  35.184402  ...  14.173699  dd40c        1
2 2022-05-01 10:02:00 2022-05-01 15:00:00  35.184184  ...  10.204275  dd40c        1
3 2022-05-01 10:00:00 2022-05-01 15:00:00  35.186158  ...  14.767784  dd40c        1
4 2022-05-01 10:09:00 2022-05-01 15:00:00  35.185887  ...  28.650368  dd40c        1
5 2022-05-01 10:08:00 2022-05-01 15:00:00  35.183480  ...  24.615546  dd40c        1
6 2022-05-01 10:03:00 2022-05-01 15:00:00  35.183393  ...  18.383114  dd40c        1
7 2022-05-01 10:05:00 2022-05-01 15:00:00  35.186272  ...  16.605968  dd40c        1
8 2022-05-01 10:01:00 2022-05-01 15:00:00  35.182320  ...  15.600996  dd40c        1
9 2022-05-01 10:04:00 2022-05-01 15:00:00  35.184067  ...  22.091556  dd40c        1

[10 rows x 10 columns]
Sending data for stream name ndn--org--md2k--mguard--dd40c--phone--gps
Metadata of the stream ndn--org--md2k--mguard--dd40c--phone--gps|2|1327
sending data for batch: 1, completed
sending data for all the batch completed
